<?xml version="1.0" encoding="UTF-8"?>
<!-- Generated by org.testng.reporters.JUnitReportReporter -->
<testsuite hostname="DESKTOP-2INE22U" failures="0" tests="3" name="TestPackage.TestClass" time="0.191" errors="0" timestamp="2022-09-08T13:22:16 IST" skipped="0">
  <testcase classname="TestPackage.TestClass" name="testB" time="0.071"/>
  <system-out/>
  <testcase classname="TestPackage.TestClass" name="testA" time="0.076"/>
  <system-out/>
  <testcase classname="TestPackage.TestClass" name="testC" time="0.044"/>
  <system-out/>
</testsuite> <!-- TestPackage.TestClass -->
